0 info it worked if it ends with ok
1 verbose cli [ '/usr/local/Cellar/node/4.1.1/bin/node',
1 verbose cli   '/usr/local/bin/npm',
1 verbose cli   'link',
1 verbose cli   'catan-client' ]
2 info using npm@2.14.4
3 info using node@v4.1.1
4 verbose install where, what [ '/Users/ozdemiro/GHCM/npm/lib', [ 'catan-client' ] ]
5 verbose install initial load of /Users/ozdemiro/GHCM/npm/lib/package.json
6 verbose readDependencies loading dependencies from /Users/ozdemiro/GHCM/npm/lib/package.json
7 silly cache add args [ 'catan-client', null ]
8 verbose cache add spec catan-client
9 silly cache add parsed spec Result {
9 silly cache add   raw: 'catan-client',
9 silly cache add   scope: null,
9 silly cache add   name: 'catan-client',
9 silly cache add   rawSpec: '',
9 silly cache add   spec: '*',
9 silly cache add   type: 'range' }
10 silly addNamed catan-client@*
11 verbose addNamed "*" is a valid semver range for catan-client
12 silly addNameRange { name: 'catan-client', range: '*', hasData: false }
13 silly mapToRegistry name catan-client
14 silly mapToRegistry using default registry
15 silly mapToRegistry registry https://registry.npmjs.org/
16 silly mapToRegistry uri https://registry.npmjs.org/catan-client
17 verbose addNameRange registry:https://registry.npmjs.org/catan-client not in flight; fetching
18 verbose request uri https://registry.npmjs.org/catan-client
19 verbose request no auth needed
20 info attempt registry request try #1 at 1:22:38 AM
21 verbose request id e49e8094ba65a501
22 http request GET https://registry.npmjs.org/catan-client
23 http 404 https://registry.npmjs.org/catan-client
24 verbose headers { 'content-type': 'application/json',
24 verbose headers   'cache-control': 'max-age=0',
24 verbose headers   'content-length': '2',
24 verbose headers   'accept-ranges': 'bytes',
24 verbose headers   date: 'Sun, 01 Nov 2015 06:20:11 GMT',
24 verbose headers   via: '1.1 varnish',
24 verbose headers   age: '0',
24 verbose headers   connection: 'keep-alive',
24 verbose headers   'x-served-by': 'cache-atl6234-ATL',
24 verbose headers   'x-cache': 'MISS',
24 verbose headers   'x-cache-hits': '0',
24 verbose headers   'x-timer': 'S1446358811.488633,VS0,VE113' }
25 silly get cb [ 404,
25 silly get   { 'content-type': 'application/json',
25 silly get     'cache-control': 'max-age=0',
25 silly get     'content-length': '2',
25 silly get     'accept-ranges': 'bytes',
25 silly get     date: 'Sun, 01 Nov 2015 06:20:11 GMT',
25 silly get     via: '1.1 varnish',
25 silly get     age: '0',
25 silly get     connection: 'keep-alive',
25 silly get     'x-served-by': 'cache-atl6234-ATL',
25 silly get     'x-cache': 'MISS',
25 silly get     'x-cache-hits': '0',
25 silly get     'x-timer': 'S1446358811.488633,VS0,VE113' } ]
26 verbose stack Error: Registry returned 404 for GET on https://registry.npmjs.org/catan-client
26 verbose stack     at makeError (/usr/local/lib/node_modules/npm/node_modules/npm-registry-client/lib/request.js:263:12)
26 verbose stack     at CachingRegistryClient.<anonymous> (/usr/local/lib/node_modules/npm/node_modules/npm-registry-client/lib/request.js:241:14)
26 verbose stack     at Request._callback (/usr/local/lib/node_modules/npm/node_modules/npm-registry-client/lib/request.js:171:14)
26 verbose stack     at Request.self.callback (/usr/local/lib/node_modules/npm/node_modules/request/request.js:198:22)
26 verbose stack     at emitTwo (events.js:87:13)
26 verbose stack     at Request.emit (events.js:172:7)
26 verbose stack     at Request.<anonymous> (/usr/local/lib/node_modules/npm/node_modules/request/request.js:1073:14)
26 verbose stack     at emitOne (events.js:82:20)
26 verbose stack     at Request.emit (events.js:169:7)
26 verbose stack     at IncomingMessage.<anonymous> (/usr/local/lib/node_modules/npm/node_modules/request/request.js:1019:12)
27 verbose statusCode 404
28 verbose pkgid catan-client
29 verbose cwd /Users/ozdemiro/work/map_editor
30 error Darwin 14.5.0
31 error argv "/usr/local/Cellar/node/4.1.1/bin/node" "/usr/local/bin/npm" "link" "catan-client"
32 error node v4.1.1
33 error npm  v2.14.4
34 error code E404
35 error 404 Registry returned 404 for GET on https://registry.npmjs.org/catan-client
35 error 404
35 error 404 'catan-client' is not in the npm registry.
35 error 404 You should bug the author to publish it (or use the name yourself!)
35 error 404
35 error 404 Note that you can also install from a
35 error 404 tarball, folder, http url, or git url.
36 verbose exit [ 1, true ]
